<?xml version="1.0" encoding="UTF-8"?>
<!-- Generated by org.testng.reporters.JUnitXMLReporter -->
<testsuite ignored="0" hostname="LAPTOP-PLNO5R2G" failures="0" tests="30" name="Tutorials_NinJa_S2_Test" time="211.185" errors="0" timestamp="2024-09-17T12:12:04 PDT">
  <testcase classname="com.qa.tutorialsninjaS2.testcases.S2_Landing" name="validateTitleAndCurrentUrl" time="0.078"/>
  <testcase classname="com.qa.tutorialsninjaS2.testcases.S2_Landing" name="desktopsButtonIsDisplayedAndEnabled" time="0.111"/>
  <testcase classname="com.qa.tutorialsninjaS2.testcases.S2_Landing" name="qaFoxLogoIsDisplayed" time="0.051"/>
  <testcase classname="com.qa.tutorialsninjaS2.testcases.S2_Inbox" name="validLogin" time="2.122"/>
  <testcase classname="com.qa.tutorialsninjaS2.testcases.S2_Logout" name="logOutTest" time="2.855"/>
  <testcase classname="com.qa.tutorialsninjaS2.testcases.S2_Search" name="searchValidProduct" time="0.993"/>
  <testcase classname="com.qa.tutorialsninjaS2.testcases.S2_Search" name="searchInvalidProduct" time="0.722"/>
  <testcase classname="com.qa.tutorialsninjaS2.testcases.S2_Register" name="registerWithAllFields" time="2.756"/>
  <testcase classname="com.qa.tutorialsninjaS2.testcases.S2_Register" name="registerWithNoFields" time="1.651"/>
  <testcase classname="com.qa.tutorialsninjaS2.testcases.S2_Register" name="registerWithRequiredFields" time="2.253"/>
  <testcase classname="com.qa.tutorialsninjaS2.testcases.S2_Login" name="loginWithValidCredentialsUsingDataProvider" time="1.906"/>
  <testcase classname="com.qa.tutorialsninjaS2.testcases.S2_Login" name="loginWithValidCredentialsUsingDataProvider" time="2.369"/>
  <testcase classname="com.qa.tutorialsninjaS2.testcases.S2_Login" name="loginWithValidCredentialsUsingDataProvider" time="2.006"/>
  <testcase classname="com.qa.tutorialsninjaS2.testcases.S2_Login" name="loginWithValidCredentialsUsingDataProvider" time="1.956"/>
  <testcase classname="com.qa.tutorialsninjaS2.testcases.S2_Login" name="loginWithValidCredentialsUsingDataProvider" time="2.035"/>
  <testcase classname="com.qa.tutorialsninjaS2.testcases.S2_Login" name="loginWithValidCredentialsUsingDataProvider" time="2.012"/>
  <testcase classname="com.qa.tutorialsninjaS2.testcases.S2_Login" name="loginWithValidCredentialsUsingDataProvider" time="2.255"/>
  <testcase classname="com.qa.tutorialsninjaS2.testcases.S2_Login" name="loginWithValidCredentialsUsingDataProvider" time="1.929"/>
  <testcase classname="com.qa.tutorialsninjaS2.testcases.S2_Login" name="loginWithValidCredentialsUsingExcelSheet" time="1.936"/>
  <testcase classname="com.qa.tutorialsninjaS2.testcases.S2_Login" name="loginWithValidCredentialsUsingExcelSheet" time="1.96"/>
  <testcase classname="com.qa.tutorialsninjaS2.testcases.S2_Login" name="loginWithValidCredentialsUsingExcelSheet" time="1.995"/>
  <testcase classname="com.qa.tutorialsninjaS2.testcases.S2_Login" name="loginWithValidCredentialsUsingExcelSheet" time="2.021"/>
  <testcase classname="com.qa.tutorialsninjaS2.testcases.S2_Login" name="loginWithValidCredentialsUsingExcelSheet" time="2.275"/>
  <testcase classname="com.qa.tutorialsninjaS2.testcases.S2_Login" name="loginWithValidCredentialsUsingExcelSheet" time="2.045"/>
  <testcase classname="com.qa.tutorialsninjaS2.testcases.S2_Login" name="loginWithValidCredentialsUsingExcelSheet" time="2.19"/>
  <testcase classname="com.qa.tutorialsninjaS2.testcases.S2_Login" name="loginWithValidCredentialsUsingExcelSheet" time="2.006"/>
  <testcase classname="com.qa.tutorialsninjaS2.testcases.S2_Login" name="loginWithInvalidCredentials" time="2.086"/>
  <testcase classname="com.qa.tutorialsninjaS2.testcases.S2_Login" name="loginWithValidUsernameInvalidPassword" time="1.843"/>
  <testcase classname="com.qa.tutorialsninjaS2.testcases.S2_Login" name="loginwithInvalidUsernameValidPassword" time="2.11"/>
  <testcase classname="com.qa.tutorialsninjaS2.testcases.S2_Login" name="loginWithNoCredentials" time="1.56"/>
</testsuite> <!-- Tutorials_NinJa_S2_Test -->
