<?xml version="1.0" encoding="UTF-8"?>
<!-- Generated by org.testng.reporters.JUnitXMLReporter -->
<testsuite ignored="0" hostname="LAPTOP-PLNO5R2G" failures="0" tests="3" name="Default test" time="13.999" errors="0" timestamp="2024-09-17T10:28:25 PDT">
  <testcase classname="com.qa.tutorialsninjaS2.testcases.S2_Landing" name="validateTitleAndCurrentUrl" time="0.036"/>
  <testcase classname="com.qa.tutorialsninjaS2.testcases.S2_Landing" name="desktopsButtonIsDisplayedAndEnabled" time="0.069"/>
  <testcase classname="com.qa.tutorialsninjaS2.testcases.S2_Landing" name="qaFoxLogoIsDisplayed" time="0.038"/>
</testsuite> <!-- Default test -->
