<?xml version="1.0" encoding="UTF-8"?>
<!-- Generated by org.testng.reporters.JUnitXMLReporter -->
<testsuite ignored="0" hostname="LAPTOP-PLNO5R2G" failures="0" tests="30" name="Tutorials_NinJa_S2_Test" time="213.617" errors="0" timestamp="2024-09-17T11:57:42 PDT">
  <testcase classname="com.qa.tutorialsninjaS2.testcases.S2_Landing" name="validateTitleAndCurrentUrl" time="0.079"/>
  <testcase classname="com.qa.tutorialsninjaS2.testcases.S2_Landing" name="desktopsButtonIsDisplayedAndEnabled" time="0.081"/>
  <testcase classname="com.qa.tutorialsninjaS2.testcases.S2_Landing" name="qaFoxLogoIsDisplayed" time="0.046"/>
  <testcase classname="com.qa.tutorialsninjaS2.testcases.S2_Inbox" name="validLogin" time="2.172"/>
  <testcase classname="com.qa.tutorialsninjaS2.testcases.S2_Logout" name="logOutTest" time="2.83"/>
  <testcase classname="com.qa.tutorialsninjaS2.testcases.S2_Search" name="searchValidProduct" time="0.966"/>
  <testcase classname="com.qa.tutorialsninjaS2.testcases.S2_Search" name="searchInvalidProduct" time="0.803"/>
  <testcase classname="com.qa.tutorialsninjaS2.testcases.S2_Register" name="registerWithAllFields" time="2.719"/>
  <testcase classname="com.qa.tutorialsninjaS2.testcases.S2_Register" name="registerWithNoFields" time="1.908"/>
  <testcase classname="com.qa.tutorialsninjaS2.testcases.S2_Register" name="registerWithRequiredFields" time="2.41"/>
  <testcase classname="com.qa.tutorialsninjaS2.testcases.S2_Login" name="loginWithValidCredentialsUsingDataProvider" time="2.0"/>
  <testcase classname="com.qa.tutorialsninjaS2.testcases.S2_Login" name="loginWithValidCredentialsUsingDataProvider" time="1.985"/>
  <testcase classname="com.qa.tutorialsninjaS2.testcases.S2_Login" name="loginWithValidCredentialsUsingDataProvider" time="1.977"/>
  <testcase classname="com.qa.tutorialsninjaS2.testcases.S2_Login" name="loginWithValidCredentialsUsingDataProvider" time="2.057"/>
  <testcase classname="com.qa.tutorialsninjaS2.testcases.S2_Login" name="loginWithValidCredentialsUsingDataProvider" time="2.028"/>
  <testcase classname="com.qa.tutorialsninjaS2.testcases.S2_Login" name="loginWithValidCredentialsUsingDataProvider" time="2.979"/>
  <testcase classname="com.qa.tutorialsninjaS2.testcases.S2_Login" name="loginWithValidCredentialsUsingDataProvider" time="2.281"/>
  <testcase classname="com.qa.tutorialsninjaS2.testcases.S2_Login" name="loginWithValidCredentialsUsingDataProvider" time="2.001"/>
  <testcase classname="com.qa.tutorialsninjaS2.testcases.S2_Login" name="loginWithValidCredentialsUsingExcelSheet" time="2.018"/>
  <testcase classname="com.qa.tutorialsninjaS2.testcases.S2_Login" name="loginWithValidCredentialsUsingExcelSheet" time="1.982"/>
  <testcase classname="com.qa.tutorialsninjaS2.testcases.S2_Login" name="loginWithValidCredentialsUsingExcelSheet" time="2.541"/>
  <testcase classname="com.qa.tutorialsninjaS2.testcases.S2_Login" name="loginWithValidCredentialsUsingExcelSheet" time="1.955"/>
  <testcase classname="com.qa.tutorialsninjaS2.testcases.S2_Login" name="loginWithValidCredentialsUsingExcelSheet" time="2.214"/>
  <testcase classname="com.qa.tutorialsninjaS2.testcases.S2_Login" name="loginWithValidCredentialsUsingExcelSheet" time="1.976"/>
  <testcase classname="com.qa.tutorialsninjaS2.testcases.S2_Login" name="loginWithValidCredentialsUsingExcelSheet" time="1.935"/>
  <testcase classname="com.qa.tutorialsninjaS2.testcases.S2_Login" name="loginWithValidCredentialsUsingExcelSheet" time="1.956"/>
  <testcase classname="com.qa.tutorialsninjaS2.testcases.S2_Login" name="loginWithInvalidCredentials" time="2.095"/>
  <testcase classname="com.qa.tutorialsninjaS2.testcases.S2_Login" name="loginWithValidUsernameInvalidPassword" time="1.778"/>
  <testcase classname="com.qa.tutorialsninjaS2.testcases.S2_Login" name="loginwithInvalidUsernameValidPassword" time="1.89"/>
  <testcase classname="com.qa.tutorialsninjaS2.testcases.S2_Login" name="loginWithNoCredentials" time="1.58"/>
</testsuite> <!-- Tutorials_NinJa_S2_Test -->
