<?xml version="1.0" encoding="UTF-8"?>
<testsuite xmlns:xsi="http://www.w3.org/2001/XMLSchema-instance" xsi:noNamespaceSchemaLocation="https://maven.apache.org/surefire/maven-surefire-plugin/xsd/surefire-test-report.xsd" version="3.0.2" name="TestSuite" time="213.006" tests="30" errors="0" skipped="0" failures="0">
  <properties>
[...]
</properties>
  <testcase name="validateTitleAndCurrentUrl" classname="com.qa.tutorialsninjaS2.testcases.S2_Landing" time="0.079">
    <system-out><![CDATA[Your Store
https://tutorialsninja.com/demo/
The Page is valid and functional
]]></system-out>
    <system-err><![CDATA[SLF4J: Failed to load class "org.slf4j.impl.StaticLoggerBinder".
SLF4J: Defaulting to no-operation (NOP) logger implementation
SLF4J: See http://www.slf4j.org/codes.html#StaticLoggerBinder for further details.
]]></system-err>
  </testcase>
  <testcase name="desktopsButtonIsDisplayedAndEnabled" classname="com.qa.tutorialsninjaS2.testcases.S2_Landing" time="0.11"/>
  <testcase name="qaFoxLogoIsDisplayed" classname="com.qa.tutorialsninjaS2.testcases.S2_Landing" time="0.051"/>
  <testcase name="validLogin" classname="com.qa.tutorialsninjaS2.testcases.S2_Inbox" time="2.121"/>
  <testcase name="logOutTest" classname="com.qa.tutorialsninjaS2.testcases.S2_Logout" time="2.855"/>
  <testcase name="searchValidProduct" classname="com.qa.tutorialsninjaS2.testcases.S2_Search" time="0.993"/>
  <testcase name="searchInvalidProduct" classname="com.qa.tutorialsninjaS2.testcases.S2_Search" time="0.722"/>
  <testcase name="registerWithAllFields" classname="com.qa.tutorialsninjaS2.testcases.S2_Register" time="2.755"/>
  <testcase name="registerWithNoFields" classname="com.qa.tutorialsninjaS2.testcases.S2_Register" time="1.651"/>
  <testcase name="registerWithRequiredFields" classname="com.qa.tutorialsninjaS2.testcases.S2_Register" time="2.252"/>
  <testcase name="loginWithValidCredentialsUsingDataProvider[shajlee@yahoo.com, Potter1@](1)" classname="com.qa.tutorialsninjaS2.testcases.S2_Login" time="1.906"/>
  <testcase name="loginWithValidCredentialsUsingDataProvider[rifi_luver@hotmail.com, Aniqa1@](2)" classname="com.qa.tutorialsninjaS2.testcases.S2_Login" time="2.369"/>
  <testcase name="loginWithValidCredentialsUsingDataProvider[chowdhurygs@rediffmail.com, Shajlee1@](3)" classname="com.qa.tutorialsninjaS2.testcases.S2_Login" time="2.007"/>
  <testcase name="loginWithValidCredentialsUsingDataProvider[chowdhurygsa@gmail.com, Shajlee123](4)" classname="com.qa.tutorialsninjaS2.testcases.S2_Login" time="1.956"/>
  <testcase name="loginWithValidCredentialsUsingDataProvider[nawshinaniqa@gmail.com, Kiyaan123](5)" classname="com.qa.tutorialsninjaS2.testcases.S2_Login" time="2.034"/>
  <testcase name="loginWithValidCredentialsUsingDataProvider[gkcmono@yahoo.com, poultry13](6)" classname="com.qa.tutorialsninjaS2.testcases.S2_Login" time="2.012"/>
  <testcase name="loginWithValidCredentialsUsingDataProvider[chowdhurygs@gmail.com, Shajlee1234](7)" classname="com.qa.tutorialsninjaS2.testcases.S2_Login" time="2.256"/>
  <testcase name="loginWithValidCredentialsUsingDataProvider[golamchodhury@gmail.com, Shajlee123!](8)" classname="com.qa.tutorialsninjaS2.testcases.S2_Login" time="1.928"/>
  <testcase name="loginWithValidCredentialsUsingExcelSheet[shajlee@yahoo.com, Potter1@](1)" classname="com.qa.tutorialsninjaS2.testcases.S2_Login" time="1.936">
    <system-err><![CDATA[ERROR StatusLogger Log4j2 could not find a logging implementation. Please add log4j-core to the classpath. Using SimpleLogger to log to the console...
]]></system-err>
  </testcase>
  <testcase name="loginWithValidCredentialsUsingExcelSheet[rifi_luver@hotmail.com, Aniqa1@](2)" classname="com.qa.tutorialsninjaS2.testcases.S2_Login" time="1.96"/>
  <testcase name="loginWithValidCredentialsUsingExcelSheet[chowdhurygs@rediffmail.com, Shajlee1@](3)" classname="com.qa.tutorialsninjaS2.testcases.S2_Login" time="1.995"/>
  <testcase name="loginWithValidCredentialsUsingExcelSheet[chowdhurygsa@gmail.com, Shajlee123](4)" classname="com.qa.tutorialsninjaS2.testcases.S2_Login" time="2.021"/>
  <testcase name="loginWithValidCredentialsUsingExcelSheet[chowdhurygs@gmail.com, Shajlee1234](5)" classname="com.qa.tutorialsninjaS2.testcases.S2_Login" time="2.277"/>
  <testcase name="loginWithValidCredentialsUsingExcelSheet[nawshinaniqa@gmail.com, Kiyaan123](6)" classname="com.qa.tutorialsninjaS2.testcases.S2_Login" time="2.044"/>
  <testcase name="loginWithValidCredentialsUsingExcelSheet[gkcmono@yahoo.com, poultry13](7)" classname="com.qa.tutorialsninjaS2.testcases.S2_Login" time="2.191"/>
  <testcase name="loginWithValidCredentialsUsingExcelSheet[golamchodhury@gmail.com, Shajlee123!](8)" classname="com.qa.tutorialsninjaS2.testcases.S2_Login" time="2.005"/>
  <testcase name="loginWithInvalidCredentials" classname="com.qa.tutorialsninjaS2.testcases.S2_Login" time="2.087"/>
  <testcase name="loginWithValidUsernameInvalidPassword" classname="com.qa.tutorialsninjaS2.testcases.S2_Login" time="1.843"/>
  <testcase name="loginwithInvalidUsernameValidPassword" classname="com.qa.tutorialsninjaS2.testcases.S2_Login" time="2.109"/>
  <testcase name="loginWithNoCredentials" classname="com.qa.tutorialsninjaS2.testcases.S2_Login" time="1.56"/>
</testsuite>