<?xml version="1.0" encoding="UTF-8"?>
<!-- Generated by org.testng.reporters.JUnitXMLReporter -->
<testsuite ignored="0" hostname="LAPTOP-PLNO5R2G" failures="0" tests="30" name="Tutorials_NinJa_S2_Test" time="200.535" errors="0" timestamp="2024-09-16T22:47:26 PDT">
  <testcase classname="com.qa.tutorialsninjaS2.testcases.S2_Logout" name="logOutTest" time="2.53"/>
  <testcase classname="com.qa.tutorialsninjaS2.testcases.S2_Register" name="registerWithAllFields" time="12.864"/>
  <testcase classname="com.qa.tutorialsninjaS2.testcases.S2_Register" name="registerWithNoFields" time="1.384"/>
  <testcase classname="com.qa.tutorialsninjaS2.testcases.S2_Register" name="registerWithRequiredFields" time="1.94"/>
  <testcase classname="com.qa.tutorialsninjaS2.testcases.S2_Inbox" name="validLogin" time="1.602"/>
  <testcase classname="com.qa.tutorialsninjaS2.testcases.S2_Login" name="loginWithValidCredentialsUsingDataProvider" time="1.71"/>
  <testcase classname="com.qa.tutorialsninjaS2.testcases.S2_Login" name="loginWithValidCredentialsUsingDataProvider" time="1.695"/>
  <testcase classname="com.qa.tutorialsninjaS2.testcases.S2_Login" name="loginWithValidCredentialsUsingDataProvider" time="1.705"/>
  <testcase classname="com.qa.tutorialsninjaS2.testcases.S2_Login" name="loginWithValidCredentialsUsingDataProvider" time="1.716"/>
  <testcase classname="com.qa.tutorialsninjaS2.testcases.S2_Login" name="loginWithValidCredentialsUsingDataProvider" time="1.636"/>
  <testcase classname="com.qa.tutorialsninjaS2.testcases.S2_Login" name="loginWithValidCredentialsUsingDataProvider" time="1.581"/>
  <testcase classname="com.qa.tutorialsninjaS2.testcases.S2_Login" name="loginWithValidCredentialsUsingDataProvider" time="1.977"/>
  <testcase classname="com.qa.tutorialsninjaS2.testcases.S2_Login" name="loginWithValidCredentialsUsingDataProvider" time="1.554"/>
  <testcase classname="com.qa.tutorialsninjaS2.testcases.S2_Login" name="loginWithValidCredentialsUsingExcelSheet" time="1.595"/>
  <testcase classname="com.qa.tutorialsninjaS2.testcases.S2_Login" name="loginWithValidCredentialsUsingExcelSheet" time="1.637"/>
  <testcase classname="com.qa.tutorialsninjaS2.testcases.S2_Login" name="loginWithValidCredentialsUsingExcelSheet" time="1.651"/>
  <testcase classname="com.qa.tutorialsninjaS2.testcases.S2_Login" name="loginWithValidCredentialsUsingExcelSheet" time="1.612"/>
  <testcase classname="com.qa.tutorialsninjaS2.testcases.S2_Login" name="loginWithValidCredentialsUsingExcelSheet" time="1.79"/>
  <testcase classname="com.qa.tutorialsninjaS2.testcases.S2_Login" name="loginWithValidCredentialsUsingExcelSheet" time="1.613"/>
  <testcase classname="com.qa.tutorialsninjaS2.testcases.S2_Login" name="loginWithValidCredentialsUsingExcelSheet" time="1.637"/>
  <testcase classname="com.qa.tutorialsninjaS2.testcases.S2_Login" name="loginWithValidCredentialsUsingExcelSheet" time="1.583"/>
  <testcase classname="com.qa.tutorialsninjaS2.testcases.S2_Login" name="loginWithInvalidCredentials" time="1.65"/>
  <testcase classname="com.qa.tutorialsninjaS2.testcases.S2_Login" name="loginWithValidUsernameInvalidPassword" time="1.477"/>
  <testcase classname="com.qa.tutorialsninjaS2.testcases.S2_Login" name="loginwithInvalidUsernameValidPassword" time="1.417"/>
  <testcase classname="com.qa.tutorialsninjaS2.testcases.S2_Login" name="loginWithNoCredentials" time="1.273"/>
  <testcase classname="com.qa.tutorialsninjaS2.testcases.S2_Landing" name="validateTitleAndCurrentUrl" time="0.034"/>
  <testcase classname="com.qa.tutorialsninjaS2.testcases.S2_Landing" name="desktopsButtonIsDisplayedAndEnabled" time="0.03"/>
  <testcase classname="com.qa.tutorialsninjaS2.testcases.S2_Landing" name="qaFoxLogoIsDisplayed" time="0.035"/>
  <testcase classname="com.qa.tutorialsninjaS2.testcases.S2_Search" name="searchValidProduct" time="0.79"/>
  <testcase classname="com.qa.tutorialsninjaS2.testcases.S2_Search" name="searchInvalidProduct" time="0.614"/>
</testsuite> <!-- Tutorials_NinJa_S2_Test -->
